<?xml version="1.0" encoding="UTF-8"?>
<testng-results ignored="0" total="1" passed="0" failed="1" skipped="0">
  <reporter-output>
  </reporter-output>
  <suite started-at="2024-03-27T10:35:00 EDT" name="The Score and Gaming " finished-at="2024-03-27T10:35:28 EDT" duration-ms="27747">
    <groups>
    </groups>
    <test started-at="2024-03-27T10:35:00 EDT" name="The Score Test" finished-at="2024-03-27T10:35:28 EDT" duration-ms="27747">
      <class name="tests.TheScoreTest">
        <test-method is-config="true" signature="beforeClass()[pri:0, instance:tests.TheScoreTest@14cd1699]" started-at="2024-03-27T10:35:00 EDT" name="beforeClass" finished-at="2024-03-27T10:35:12 EDT" duration-ms="11255" status="PASS">
          <reporter-output>
          </reporter-output>
        </test-method> <!-- beforeClass -->
        <test-method signature="theScoreTest01(java.lang.String,java.lang.String,java.lang.String)[pri:0, instance:tests.TheScoreTest@14cd1699]" started-at="2024-03-27T10:35:12 EDT" name="theScoreTest01" description="The Score Test" finished-at="2024-03-27T10:35:27 EDT" duration-ms="15801" status="FAIL">
          <params>
            <param index="0">
              <value>
                <![CDATA[test]]>
              </value>
            </param>
            <param index="1">
              <value>
                <![CDATA[test@test.com]]>
              </value>
            </param>
            <param index="2">
              <value>
                <![CDATA[passwordtest]]>
              </value>
            </param>
          </params>
          <exception class="org.openqa.selenium.StaleElementReferenceException">
            <message>
              <![CDATA[The element 'By.id: com.fivemobile.thescore:id/first_name_input_edittext' does not exist in DOM anymore
For documentation on this error, please visit: https://www.selenium.dev/documentation/webdriver/troubleshooting/errors#stale-element-reference-exception
Build info: version: '4.18.1', revision: 'b1d3319b48'
System info: os.name: 'Windows 11', os.arch: 'amd64', os.version: '10.0', java.version: '17.0.10'
Driver info: io.appium.java_client.android.AndroidDriver
Command: [30444482-9510-467d-ad54-7214abf0141c, sendKeysToElement {value=[Ljava.lang.CharSequence;@34645867, id=00000000-0000-0105-ffff-ffff00000275}]
Capabilities {appium:app: C:\AppiumDemo\com.fivemobil..., appium:appPackage: com.fivemobile.thescore, appium:automationName: UiAutomator2, appium:databaseEnabled: false, appium:desired: {app: C:\AppiumDemo\com.fivemobil..., automationName: UiAutomator2, deviceName: emulator-5554, noReset: false, platformName: ANDROID, platformVersion: 11}, appium:deviceApiLevel: 30, appium:deviceManufacturer: Google, appium:deviceModel: sdk_gphone_x86, appium:deviceName: emulator-5554, appium:deviceScreenDensity: 420, appium:deviceScreenSize: 1080x1920, appium:deviceUDID: emulator-5554, appium:javascriptEnabled: true, appium:locationContextEnabled: false, appium:networkConnectionEnabled: true, appium:noReset: false, appium:pixelRatio: 2.625, appium:platformVersion: 11, appium:statBarHeight: 63, appium:takesScreenshot: true, appium:viewportRect: {height: 1857, left: 0, top: 63, width: 1080}, appium:warnings: {}, appium:webStorageEnabled: false, platformName: ANDROID}
Element: [[AndroidDriver:  on ANDROID (30444482-9510-467d-ad54-7214abf0141c)] -> id: com.fivemobile.thescore:id/first_name_input_edittext]
Session ID: 30444482-9510-467d-ad54-7214abf0141c]]>
            </message>
            <full-stacktrace>
              <![CDATA[org.openqa.selenium.StaleElementReferenceException: The element 'By.id: com.fivemobile.thescore:id/first_name_input_edittext' does not exist in DOM anymore
For documentation on this error, please visit: https://www.selenium.dev/documentation/webdriver/troubleshooting/errors#stale-element-reference-exception
Build info: version: '4.18.1', revision: 'b1d3319b48'
System info: os.name: 'Windows 11', os.arch: 'amd64', os.version: '10.0', java.version: '17.0.10'
Driver info: io.appium.java_client.android.AndroidDriver
Command: [30444482-9510-467d-ad54-7214abf0141c, sendKeysToElement {value=[Ljava.lang.CharSequence;@34645867, id=00000000-0000-0105-ffff-ffff00000275}]
Capabilities {appium:app: C:\AppiumDemo\com.fivemobil..., appium:appPackage: com.fivemobile.thescore, appium:automationName: UiAutomator2, appium:databaseEnabled: false, appium:desired: {app: C:\AppiumDemo\com.fivemobil..., automationName: UiAutomator2, deviceName: emulator-5554, noReset: false, platformName: ANDROID, platformVersion: 11}, appium:deviceApiLevel: 30, appium:deviceManufacturer: Google, appium:deviceModel: sdk_gphone_x86, appium:deviceName: emulator-5554, appium:deviceScreenDensity: 420, appium:deviceScreenSize: 1080x1920, appium:deviceUDID: emulator-5554, appium:javascriptEnabled: true, appium:locationContextEnabled: false, appium:networkConnectionEnabled: true, appium:noReset: false, appium:pixelRatio: 2.625, appium:platformVersion: 11, appium:statBarHeight: 63, appium:takesScreenshot: true, appium:viewportRect: {height: 1857, left: 0, top: 63, width: 1080}, appium:warnings: {}, appium:webStorageEnabled: false, platformName: ANDROID}
Element: [[AndroidDriver:  on ANDROID (30444482-9510-467d-ad54-7214abf0141c)] -> id: com.fivemobile.thescore:id/first_name_input_edittext]
Session ID: 30444482-9510-467d-ad54-7214abf0141c
at java.base/jdk.internal.reflect.NativeConstructorAccessorImpl.newInstance0(Native Method)
at java.base/jdk.internal.reflect.NativeConstructorAccessorImpl.newInstance(NativeConstructorAccessorImpl.java:77)
at java.base/jdk.internal.reflect.DelegatingConstructorAccessorImpl.newInstance(DelegatingConstructorAccessorImpl.java:45)
at java.base/java.lang.reflect.Constructor.newInstanceWithCaller(Constructor.java:499)
at java.base/java.lang.reflect.Constructor.newInstance(Constructor.java:480)
at org.openqa.selenium.remote.ErrorCodec.decode(ErrorCodec.java:167)
at org.openqa.selenium.remote.codec.w3c.W3CHttpResponseCodec.decode(W3CHttpResponseCodec.java:138)
at org.openqa.selenium.remote.codec.w3c.W3CHttpResponseCodec.decode(W3CHttpResponseCodec.java:50)
at org.openqa.selenium.remote.HttpCommandExecutor.execute(HttpCommandExecutor.java:190)
at io.appium.java_client.remote.AppiumCommandExecutor.execute(AppiumCommandExecutor.java:237)
at org.openqa.selenium.remote.RemoteWebDriver.execute(RemoteWebDriver.java:519)
at org.openqa.selenium.remote.RemoteWebElement.execute(RemoteWebElement.java:223)
at org.openqa.selenium.remote.RemoteWebElement.sendKeys(RemoteWebElement.java:110)
at tests.TheScoreTest.theScoreTest01(TheScoreTest.java:35)
at java.base/jdk.internal.reflect.NativeMethodAccessorImpl.invoke0(Native Method)
at java.base/jdk.internal.reflect.NativeMethodAccessorImpl.invoke(NativeMethodAccessorImpl.java:77)
at java.base/jdk.internal.reflect.DelegatingMethodAccessorImpl.invoke(DelegatingMethodAccessorImpl.java:43)
at java.base/java.lang.reflect.Method.invoke(Method.java:568)
at org.testng.internal.invokers.MethodInvocationHelper.invokeMethod(MethodInvocationHelper.java:139)
at org.testng.internal.invokers.TestInvoker.invokeMethod(TestInvoker.java:664)
at org.testng.internal.invokers.TestInvoker.invokeTestMethod(TestInvoker.java:228)
at org.testng.internal.invokers.MethodRunner.runInSequence(MethodRunner.java:63)
at org.testng.internal.invokers.TestInvoker$MethodInvocationAgent.invoke(TestInvoker.java:961)
at org.testng.internal.invokers.TestInvoker.invokeTestMethods(TestInvoker.java:201)
at org.testng.internal.invokers.TestMethodWorker.invokeTestMethods(TestMethodWorker.java:148)
at org.testng.internal.invokers.TestMethodWorker.run(TestMethodWorker.java:128)
at java.base/java.util.ArrayList.forEach(ArrayList.java:1511)
at org.testng.TestRunner.privateRun(TestRunner.java:819)
at org.testng.TestRunner.run(TestRunner.java:619)
at org.testng.SuiteRunner.runTest(SuiteRunner.java:443)
at org.testng.SuiteRunner.runSequentially(SuiteRunner.java:437)
at org.testng.SuiteRunner.privateRun(SuiteRunner.java:397)
at org.testng.SuiteRunner.run(SuiteRunner.java:336)
at org.testng.SuiteRunnerWorker.runSuite(SuiteRunnerWorker.java:52)
at org.testng.SuiteRunnerWorker.run(SuiteRunnerWorker.java:95)
at org.testng.TestNG.runSuitesSequentially(TestNG.java:1301)
at org.testng.TestNG.runSuitesLocally(TestNG.java:1228)
at org.testng.TestNG.runSuites(TestNG.java:1134)
at org.testng.TestNG.run(TestNG.java:1101)
at org.testng.remote.AbstractRemoteTestNG.run(AbstractRemoteTestNG.java:115)
at org.testng.remote.RemoteTestNG.initAndRun(RemoteTestNG.java:251)
at org.testng.remote.RemoteTestNG.main(RemoteTestNG.java:77)
]]>
            </full-stacktrace>
          </exception> <!-- org.openqa.selenium.StaleElementReferenceException -->
          <reporter-output>
          </reporter-output>
        </test-method> <!-- theScoreTest01 -->
        <test-method is-config="true" signature="tearDown()[pri:0, instance:tests.TheScoreTest@14cd1699]" started-at="2024-03-27T10:35:27 EDT" name="tearDown" finished-at="2024-03-27T10:35:28 EDT" duration-ms="628" status="PASS">
          <reporter-output>
          </reporter-output>
        </test-method> <!-- tearDown -->
      </class> <!-- tests.TheScoreTest -->
    </test> <!-- The Score Test -->
  </suite> <!-- The Score and Gaming  -->
</testng-results>
